<?xml version="1.0" encoding="UTF-8"?>
<testsuite xmlns:xsi="http://www.w3.org/2001/XMLSchema-instance" xsi:noNamespaceSchemaLocation="https://maven.apache.org/surefire/maven-surefire-plugin/xsd/surefire-test-report-3.0.xsd" version="3.0" name="adt.stack.StudentStackTest" time="0.054" tests="20" errors="0" skipped="0" failures="0">
  <properties>
    <property name="java.specification.version" value="18"/>
    <property name="sun.cpu.isalist" value="amd64"/>
    <property name="sun.jnu.encoding" value="Cp1252"/>
    <property name="java.class.path" value="C:\Users\HxCx_\OneDrive\Área de Trabalho\UFCG\LEDA 2024.2\RXX-01\R07-01-Rot-TAD-Linear-environment\target\test-classes;C:\Users\HxCx_\OneDrive\Área de Trabalho\UFCG\LEDA 2024.2\RXX-01\R07-01-Rot-TAD-Linear-environment\target\classes;C:\Users\HxCx_\.m2\repository\junit\junit\4.13.1\junit-4.13.1.jar;C:\Users\HxCx_\.m2\repository\org\hamcrest\hamcrest-core\1.3\hamcrest-core-1.3.jar;"/>
    <property name="java.vm.vendor" value="Oracle Corporation"/>
    <property name="sun.arch.data.model" value="64"/>
    <property name="user.variant" value=""/>
    <property name="java.vendor.url" value="https://java.oracle.com/"/>
    <property name="user.timezone" value="America/Sao_Paulo"/>
    <property name="os.name" value="Windows 11"/>
    <property name="java.vm.specification.version" value="18"/>
    <property name="sun.java.launcher" value="SUN_STANDARD"/>
    <property name="user.country" value="BR"/>
    <property name="sun.boot.library.path" value="C:\Program Files\Java\jdk-18.0.1.1\bin"/>
    <property name="sun.java.command" value="C:\Users\HxCx_\AppData\Local\Temp\surefire14767202129647429612\surefirebooter-20240326162902733_3.jar C:\Users\HxCx_\AppData\Local\Temp\surefire14767202129647429612 2024-03-26T16-29-02_522-jvmRun1 surefire-20240326162902733_1tmp surefire_0-20240326162902733_2tmp"/>
    <property name="jdk.debug" value="release"/>
    <property name="surefire.test.class.path" value="C:\Users\HxCx_\OneDrive\Área de Trabalho\UFCG\LEDA 2024.2\RXX-01\R07-01-Rot-TAD-Linear-environment\target\test-classes;C:\Users\HxCx_\OneDrive\Área de Trabalho\UFCG\LEDA 2024.2\RXX-01\R07-01-Rot-TAD-Linear-environment\target\classes;C:\Users\HxCx_\.m2\repository\junit\junit\4.13.1\junit-4.13.1.jar;C:\Users\HxCx_\.m2\repository\org\hamcrest\hamcrest-core\1.3\hamcrest-core-1.3.jar;"/>
    <property name="sun.cpu.endian" value="little"/>
    <property name="user.home" value="C:\Users\HxCx_"/>
    <property name="user.language" value="pt"/>
    <property name="java.specification.vendor" value="Oracle Corporation"/>
    <property name="java.version.date" value="2022-04-22"/>
    <property name="java.home" value="C:\Program Files\Java\jdk-18.0.1.1"/>
    <property name="file.separator" value="\"/>
    <property name="basedir" value="C:\Users\HxCx_\OneDrive\Área de Trabalho\UFCG\LEDA 2024.2\RXX-01\R07-01-Rot-TAD-Linear-environment"/>
    <property name="java.vm.compressedOopsMode" value="Zero based"/>
    <property name="line.separator" value="&#10;"/>
    <property name="java.vm.specification.vendor" value="Oracle Corporation"/>
    <property name="java.specification.name" value="Java Platform API Specification"/>
    <property name="surefire.real.class.path" value="C:\Users\HxCx_\AppData\Local\Temp\surefire14767202129647429612\surefirebooter-20240326162902733_3.jar"/>
    <property name="user.script" value=""/>
    <property name="sun.management.compiler" value="HotSpot 64-Bit Tiered Compilers"/>
    <property name="java.runtime.version" value="18.0.1.1+2-6"/>
    <property name="user.name" value="HxCx_"/>
    <property name="path.separator" value=";"/>
    <property name="os.version" value="10.0"/>
    <property name="java.runtime.name" value="Java(TM) SE Runtime Environment"/>
    <property name="file.encoding" value="UTF-8"/>
    <property name="java.vm.name" value="Java HotSpot(TM) 64-Bit Server VM"/>
    <property name="localRepository" value="C:\Users\HxCx_\.m2\repository"/>
    <property name="java.vendor.url.bug" value="https://bugreport.java.com/bugreport/"/>
    <property name="java.io.tmpdir" value="C:\Users\HxCx_\AppData\Local\Temp\"/>
    <property name="java.version" value="18.0.1.1"/>
    <property name="user.dir" value="C:\Users\HxCx_\OneDrive\Área de Trabalho\UFCG\LEDA 2024.2\RXX-01\R07-01-Rot-TAD-Linear-environment"/>
    <property name="os.arch" value="amd64"/>
    <property name="java.vm.specification.name" value="Java Virtual Machine Specification"/>
    <property name="sun.os.patch.level" value=""/>
    <property name="native.encoding" value="Cp1252"/>
    <property name="java.library.path" value="C:\Program Files\Java\jdk-18.0.1.1\bin;C:\WINDOWS\Sun\Java\bin;C:\WINDOWS\system32;C:\WINDOWS;C:\Program Files\Common Files\Oracle\Java\javapath;C:\Program Files (x86)\Common Files\Oracle\Java\javapath;C:\WINDOWS\system32;C:\WINDOWS;C:\WINDOWS\System32\Wbem;C:\WINDOWS\System32\WindowsPowerShell\v1.0\;C:\WINDOWS\System32\OpenSSH\;C:\apache-maven-3.9.6\bin;C:\Program Files\Git\cmd;C:\Users\HxCx_\AppData\Local\Programs\Python\Python310\Scripts\;C:\Users\HxCx_\AppData\Local\Programs\Python\Python310\;C:\Users\HxCx_\AppData\Local\Microsoft\WindowsApps;C:\Users\HxCx_\AppData\Local\Programs\Microsoft VS Code\bin;C:\apache-maven-3.9.3\bin;;."/>
    <property name="java.vm.info" value="mixed mode, sharing"/>
    <property name="java.vendor" value="Oracle Corporation"/>
    <property name="java.vm.version" value="18.0.1.1+2-6"/>
    <property name="sun.io.unicode.encoding" value="UnicodeLittle"/>
    <property name="java.class.version" value="62.0"/>
  </properties>
  <testcase name="testIsFullStack1" classname="adt.stack.StudentStackTest" time="0.0"/>
  <testcase name="testIsFullStack2" classname="adt.stack.StudentStackTest" time="0.0"/>
  <testcase name="testIsFullStack3" classname="adt.stack.StudentStackTest" time="0.0"/>
  <testcase name="testPushComErroStack1" classname="adt.stack.StudentStackTest" time="0.0"/>
  <testcase name="testPushComErroStack2" classname="adt.stack.StudentStackTest" time="0.0"/>
  <testcase name="testPushComErroStack3" classname="adt.stack.StudentStackTest" time="0.0"/>
  <testcase name="testPopStack1" classname="adt.stack.StudentStackTest" time="0.0"/>
  <testcase name="testPopStack2" classname="adt.stack.StudentStackTest" time="0.0"/>
  <testcase name="testPopStack3" classname="adt.stack.StudentStackTest" time="0.036">
    <system-err><![CDATA[adt.stack.StackUnderflowException: Stack is empty
	at adt.stack.StackImpl.pop(StackImpl.java:45)
	at adt.stack.StudentStackTest.testPopStack3(StudentStackTest.java:160)
	at java.base/jdk.internal.reflect.DirectMethodHandleAccessor.invoke(DirectMethodHandleAccessor.java:104)
	at java.base/java.lang.reflect.Method.invoke(Method.java:577)
	at org.junit.runners.model.FrameworkMethod$1.runReflectiveCall(FrameworkMethod.java:59)
	at org.junit.internal.runners.model.ReflectiveCallable.run(ReflectiveCallable.java:12)
	at org.junit.runners.model.FrameworkMethod.invokeExplosively(FrameworkMethod.java:56)
	at org.junit.internal.runners.statements.InvokeMethod.evaluate(InvokeMethod.java:17)
	at org.junit.internal.runners.statements.RunBefores.evaluate(RunBefores.java:26)
	at org.junit.runners.ParentRunner$3.evaluate(ParentRunner.java:306)
	at org.junit.runners.BlockJUnit4ClassRunner$1.evaluate(BlockJUnit4ClassRunner.java:100)
	at org.junit.runners.ParentRunner.runLeaf(ParentRunner.java:366)
	at org.junit.runners.BlockJUnit4ClassRunner.runChild(BlockJUnit4ClassRunner.java:103)
	at org.junit.runners.BlockJUnit4ClassRunner.runChild(BlockJUnit4ClassRunner.java:63)
	at org.junit.runners.ParentRunner$4.run(ParentRunner.java:331)
	at org.junit.runners.ParentRunner$1.schedule(ParentRunner.java:79)
	at org.junit.runners.ParentRunner.runChildren(ParentRunner.java:329)
	at org.junit.runners.ParentRunner.access$100(ParentRunner.java:66)
	at org.junit.runners.ParentRunner$2.evaluate(ParentRunner.java:293)
	at org.junit.runners.ParentRunner$3.evaluate(ParentRunner.java:306)
	at org.junit.runners.ParentRunner.run(ParentRunner.java:413)
	at org.apache.maven.surefire.junit4.JUnit4Provider.execute(JUnit4Provider.java:316)
	at org.apache.maven.surefire.junit4.JUnit4Provider.executeWithRerun(JUnit4Provider.java:240)
	at org.apache.maven.surefire.junit4.JUnit4Provider.executeTestSet(JUnit4Provider.java:214)
	at org.apache.maven.surefire.junit4.JUnit4Provider.invoke(JUnit4Provider.java:155)
	at org.apache.maven.surefire.booter.ForkedBooter.runSuitesInProcess(ForkedBooter.java:385)
	at org.apache.maven.surefire.booter.ForkedBooter.execute(ForkedBooter.java:162)
	at org.apache.maven.surefire.booter.ForkedBooter.run(ForkedBooter.java:507)
	at org.apache.maven.surefire.booter.ForkedBooter.main(ForkedBooter.java:495)
]]></system-err>
  </testcase>
  <testcase name="testPopComErroStack1" classname="adt.stack.StudentStackTest" time="0.0"/>
  <testcase name="testPopComErroStack2" classname="adt.stack.StudentStackTest" time="0.0"/>
  <testcase name="testTopStack1" classname="adt.stack.StudentStackTest" time="0.0"/>
  <testcase name="testTopStack2" classname="adt.stack.StudentStackTest" time="0.0"/>
  <testcase name="testTopStack3" classname="adt.stack.StudentStackTest" time="0.0"/>
  <testcase name="testPushStack1" classname="adt.stack.StudentStackTest" time="0.001"/>
  <testcase name="testPushStack2" classname="adt.stack.StudentStackTest" time="0.009">
    <system-err><![CDATA[adt.stack.StackOverflowException: Stack is full
	at adt.stack.StackImpl.push(StackImpl.java:36)
	at adt.stack.StudentStackTest.testPushStack2(StudentStackTest.java:101)
	at java.base/jdk.internal.reflect.DirectMethodHandleAccessor.invoke(DirectMethodHandleAccessor.java:104)
	at java.base/java.lang.reflect.Method.invoke(Method.java:577)
	at org.junit.runners.model.FrameworkMethod$1.runReflectiveCall(FrameworkMethod.java:59)
	at org.junit.internal.runners.model.ReflectiveCallable.run(ReflectiveCallable.java:12)
	at org.junit.runners.model.FrameworkMethod.invokeExplosively(FrameworkMethod.java:56)
	at org.junit.internal.runners.statements.InvokeMethod.evaluate(InvokeMethod.java:17)
	at org.junit.internal.runners.statements.RunBefores.evaluate(RunBefores.java:26)
	at org.junit.runners.ParentRunner$3.evaluate(ParentRunner.java:306)
	at org.junit.runners.BlockJUnit4ClassRunner$1.evaluate(BlockJUnit4ClassRunner.java:100)
	at org.junit.runners.ParentRunner.runLeaf(ParentRunner.java:366)
	at org.junit.runners.BlockJUnit4ClassRunner.runChild(BlockJUnit4ClassRunner.java:103)
	at org.junit.runners.BlockJUnit4ClassRunner.runChild(BlockJUnit4ClassRunner.java:63)
	at org.junit.runners.ParentRunner$4.run(ParentRunner.java:331)
	at org.junit.runners.ParentRunner$1.schedule(ParentRunner.java:79)
	at org.junit.runners.ParentRunner.runChildren(ParentRunner.java:329)
	at org.junit.runners.ParentRunner.access$100(ParentRunner.java:66)
	at org.junit.runners.ParentRunner$2.evaluate(ParentRunner.java:293)
	at org.junit.runners.ParentRunner$3.evaluate(ParentRunner.java:306)
	at org.junit.runners.ParentRunner.run(ParentRunner.java:413)
	at org.apache.maven.surefire.junit4.JUnit4Provider.execute(JUnit4Provider.java:316)
	at org.apache.maven.surefire.junit4.JUnit4Provider.executeWithRerun(JUnit4Provider.java:240)
	at org.apache.maven.surefire.junit4.JUnit4Provider.executeTestSet(JUnit4Provider.java:214)
	at org.apache.maven.surefire.junit4.JUnit4Provider.invoke(JUnit4Provider.java:155)
	at org.apache.maven.surefire.booter.ForkedBooter.runSuitesInProcess(ForkedBooter.java:385)
	at org.apache.maven.surefire.booter.ForkedBooter.execute(ForkedBooter.java:162)
	at org.apache.maven.surefire.booter.ForkedBooter.run(ForkedBooter.java:507)
	at org.apache.maven.surefire.booter.ForkedBooter.main(ForkedBooter.java:495)
]]></system-err>
  </testcase>
  <testcase name="testPushStack3" classname="adt.stack.StudentStackTest" time="0.0"/>
  <testcase name="testIsEmptyStack1" classname="adt.stack.StudentStackTest" time="0.0"/>
  <testcase name="testIsEmptyStack2" classname="adt.stack.StudentStackTest" time="0.0"/>
  <testcase name="testIsEmptyStack3" classname="adt.stack.StudentStackTest" time="0.0"/>
</testsuite>